# Logfile created on 2026-03-14 08:21:22 -0500 by logger.rb/v1.7.0
I, [2026-03-14T08:21:22.091899 #645529]  INFO -- : #<struct LinkElement link="https://www.ancientfaith.com/podcasts/aftodaylive/", text="aftodaylive">
I, [2026-03-14T08:21:22.105967 #645529]  INFO -- : #<struct LinkElement link="https://www.ancientfaith.com/podcasts/amvon/", text="amvon">
I, [2026-03-14T08:21:22.119861 #645529]  INFO -- : #<struct LinkElement link="https://www.ancientfaith.com/podcasts/church-things-explained/", text="church-things-explained">
I, [2026-03-14T08:21:22.133719 #645529]  INFO -- : #<struct LinkElement link="https://www.ancientfaith.com/podcasts/comeandsee/", text="comeandsee">
I, [2026-03-14T08:21:22.147604 #645529]  INFO -- : #<struct LinkElement link="https://www.ancientfaith.com/podcasts/dailyscriptures/", text="dailyscriptures">
I, [2026-03-14T08:21:22.161347 #645529]  INFO -- : #<struct LinkElement link="https://www.ancientfaith.com/podcasts/dailyscriptureskids/", text="dailyscriptureskids">
I, [2026-03-14T08:21:22.175418 #645529]  INFO -- : #<struct LinkElement link="https://www.ancientfaith.com/podcasts/doxacast_remix/", text="doxacast_remix">
I, [2026-03-14T08:21:22.189453 #645529]  INFO -- : #<struct LinkElement link="https://www.ancientfaith.com/podcasts/easternchristianinsights/", text="easternchristianinsights">
I, [2026-03-14T08:21:22.203338 #645529]  INFO -- : #<struct LinkElement link="https://www.ancientfaith.com/podcasts/familymatters/", text="familymatters">
I, [2026-03-14T08:21:22.218016 #645529]  INFO -- : #<struct LinkElement link="https://www.ancientfaith.com/podcasts/fr-andrew-stephen-damick-lectures/", text="fr-andrew-stephen-damick-lectures">
I, [2026-03-14T08:21:22.232401 #645529]  INFO -- : #<struct LinkElement link="https://www.ancientfaith.com/podcasts/fr_thomas_hopko_the_cassette_lectures/", text="fr_thomas_hopko_the_cassette_lectures">
I, [2026-03-14T08:21:22.270460 #645529]  INFO -- : #<struct LinkElement link="https://www.ancientfaith.com/podcasts/gods_wondrous_saints/", text="gods_wondrous_saints">
I, [2026-03-14T08:21:22.284655 #645529]  INFO -- : #<struct LinkElement link="https://www.ancientfaith.com/podcasts/healingpresence/", text="healingpresence">
I, [2026-03-14T08:21:22.298443 #645529]  INFO -- : #<struct LinkElement link="https://www.ancientfaith.com/podcasts/healingunresolved/", text="healingunresolved">
I, [2026-03-14T08:21:22.312920 #645529]  INFO -- : #<struct LinkElement link="https://www.ancientfaith.com/podcasts/lightpast/", text="lightpast">
I, [2026-03-14T08:21:22.328968 #645529]  INFO -- : #<struct LinkElement link="https://www.ancientfaith.com/podcasts/livewiththelouhs/", text="livewiththelouhs">
I, [2026-03-14T08:21:22.342913 #645529]  INFO -- : #<struct LinkElement link="https://www.ancientfaith.com/podcasts/madetobeakingdom/", text="madetobeakingdom">
I, [2026-03-14T08:21:22.357674 #645529]  INFO -- : #<struct LinkElement link="https://www.ancientfaith.com/podcasts/orthodoxpilgrim/", text="orthodoxpilgrim">
I, [2026-03-14T08:21:22.372420 #645529]  INFO -- : #<struct LinkElement link="https://www.ancientfaith.com/podcasts/orthodoxylive/", text="orthodoxylive">
I, [2026-03-14T08:21:22.388261 #645529]  INFO -- : #<struct LinkElement link="https://www.ancientfaith.com/podcasts/parables/", text="parables">
I, [2026-03-14T08:21:22.404057 #645529]  INFO -- : #<struct LinkElement link="https://www.ancientfaith.com/podcasts/pathacademy/", text="pathacademy">
I, [2026-03-14T08:21:22.419934 #645529]  INFO -- : #<struct LinkElement link="https://www.ancientfaith.com/podcasts/saintemmelia/", text="saintemmelia">
I, [2026-03-14T08:21:22.434988 #645529]  INFO -- : #<struct LinkElement link="https://www.ancientfaith.com/podcasts/saintoftheday/", text="saintoftheday">
I, [2026-03-14T08:21:22.462485 #645529]  INFO -- : #<struct LinkElement link="https://www.ancientfaith.com/podcasts/searchthescriptureslive/", text="searchthescriptureslive">
I, [2026-03-14T08:21:22.476596 #645529]  INFO -- : #<struct LinkElement link="https://www.ancientfaith.com/podcasts/simplepath/", text="simplepath">
I, [2026-03-14T08:21:22.489480 #645529]  INFO -- : #<struct LinkElement link="https://www.ancientfaith.com/podcasts/the-great-rood-screen/", text="the-great-rood-screen">
I, [2026-03-14T08:21:22.503001 #645529]  INFO -- : #<struct LinkElement link="https://www.ancientfaith.com/podcasts/the_roots_of_everything/", text="the_roots_of_everything">
I, [2026-03-14T08:21:22.523200 #645529]  INFO -- : #<struct LinkElement link="https://www.ancientfaith.com/podcasts/thepath/", text="thepath">
I, [2026-03-14T08:21:22.538948 #645529]  INFO -- : #<struct LinkElement link="https://www.ancientfaith.com/podcasts/transforminglives/", text="transforminglives">
I, [2026-03-14T08:21:22.555859 #645529]  INFO -- : #<struct LinkElement link="https://www.ancientfaith.com/podcasts/wholecounsel/", text="wholecounsel">
