::Test Runs::===========================================================================================
::Test Runs::::BEGIN EXECUTION::
::Test Runs::Time:  2026-03-14 08:21:30.403998186 -0500 CDT m=+8.718593562
::Test Runs::Name:  /bin/sh
::Test Runs::Args:  [af_podcasts.sh]
::Test Runs::Notes:  Ingested from proc.txt
::Test Runs::Status:  SUCCESS
::Test Runs::Command Started:  2026-03-14 08:21:21.694757161 -0500 CDT m=+0.009352537
::Test Runs::Execution Ended:  2026-03-14 08:21:30.402663808 -0500 CDT m=+8.717259276
::Test Runs::Duration:  8.707384847s
::Test Runs::ExitCode:  0
::Test Runs::::END EXECUTION::
::Test Runs::===========================================================================================
::Test Runs::===========================================================================================
::Test Runs::::BEGIN EXECUTION::
::Test Runs::Time:  2026-03-14 08:27:33.330475203 -0500 CDT m=+0.219713045
::Test Runs::Name:  lynx
::Test Runs::Args:  [-dump -nolist https://www.news.ycombinator.com]
::Test Runs::Notes:  Ingested from proc.txt
::Test Runs::Status:  FAILED
::Test Runs::Command Started:  2026-03-14 08:27:33.125210595 -0500 CDT m=+0.014448437
::Test Runs::Execution Ended:  2026-03-14 08:27:33.330300776 -0500 CDT m=+0.219538692
::Test Runs::Duration:  204.583547ms
::Test Runs::ExitCode:  1
::Test Runs::::END EXECUTION::
::Test Runs::===========================================================================================
::Test Runs::===========================================================================================
::Test Runs::::BEGIN EXECUTION::
::Test Runs::Time:  2026-03-14 08:28:38.536773212 -0500 CDT m=+0.794033318
::Test Runs::Name:  lynx
::Test Runs::Args:  [-dump -nolist https://news.ycombinator.com]
::Test Runs::Notes:  Ingested from proc.txt
::Test Runs::Status:  SUCCESS
::Test Runs::Command Started:  2026-03-14 08:28:37.755282449 -0500 CDT m=+0.012542555
::Test Runs::Execution Ended:  2026-03-14 08:28:38.536001929 -0500 CDT m=+0.793262128
::Test Runs::Duration:  780.127865ms
::Test Runs::ExitCode:  0
::Test Runs::::END EXECUTION::
::Test Runs::===========================================================================================
::Test Runs::===========================================================================================
::Test Runs::::BEGIN EXECUTION::
::Test Runs::Time:  2026-03-14 08:37:58.318917604 -0500 CDT m=+0.734423178
::Test Runs::Name:  lynx
::Test Runs::Args:  [-dump -nolist https://news.ycombinator.com]
::Test Runs::Notes:  Ingested from proc.txt
::Test Runs::Status:  SUCCESS
::Test Runs::Command Started:  2026-03-14 08:37:57.594767954 -0500 CDT m=+0.010273620
::Test Runs::Execution Ended:  2026-03-14 08:37:58.31860175 -0500 CDT m=+0.734107305
::Test Runs::Duration:  723.194606ms
::Test Runs::ExitCode:  0
::Test Runs::::END EXECUTION::
::Test Runs::===========================================================================================
::Test Runs::===========================================================================================
::Test Runs::::BEGIN EXECUTION::
::Test Runs::Time:  2026-03-14 08:39:47.349790753 -0500 CDT m=+0.975816229
::Test Runs::Name:  lynx
::Test Runs::Args:  [-dump -nolist https://news.ycombinator.com]
::Test Runs::Notes:  Ingested from proc.txt
::Test Runs::Status:  SUCCESS
::Test Runs::Command Started:  2026-03-14 08:39:46.376384082 -0500 CDT m=+0.002409539
::Test Runs::Execution Ended:  2026-03-14 08:39:47.349585918 -0500 CDT m=+0.975611431
::Test Runs::Duration:  972.754721ms
::Test Runs::ExitCode:  0
::Test Runs::::END EXECUTION::
::Test Runs::===========================================================================================
::Test Runs::===========================================================================================
::Test Runs::::BEGIN EXECUTION::
::Test Runs::Time:  2026-03-14 08:40:06.492783868 -0500 CDT m=+0.727782554
::Test Runs::Name:  lynx
::Test Runs::Args:  [-dump -nolist https://news.ycombinator.com]
::Test Runs::Notes:  Ingested from proc.txt
::Test Runs::Status:  SUCCESS
::Test Runs::Command Started:  2026-03-14 08:40:05.768512936 -0500 CDT m=+0.003511640
::Test Runs::Execution Ended:  2026-03-14 08:40:06.492600867 -0500 CDT m=+0.727599553
::Test Runs::Duration:  723.473426ms
::Test Runs::ExitCode:  0
::Test Runs::::END EXECUTION::
::Test Runs::===========================================================================================
::Test Runs::===========================================================================================
::Test Runs::::BEGIN EXECUTION::
::Test Runs::Time:  2026-03-14 10:42:08.491751373 -0500 CDT m=+0.631254250
::Test Runs::Name:  lynx
::Test Runs::Args:  [-dump -nolist https://news.ycombinator.com]
::Test Runs::Notes:  Ingested from proc.txt
::Test Runs::Status:  SUCCESS
::Test Runs::Command Started:  2026-03-14 10:42:07.87171978 -0500 CDT m=+0.011222564
::Test Runs::Execution Ended:  2026-03-14 10:42:08.490425337 -0500 CDT m=+0.629928270
::Test Runs::Duration:  618.158781ms
::Test Runs::ExitCode:  0
::Test Runs::::END EXECUTION::
::Test Runs::===========================================================================================
